TN:
SF:src\app.ts
FNF:0
FNH:0
DA:1,1
DA:2,1
DA:3,1
DA:4,1
DA:5,1
DA:6,1
DA:7,1
DA:8,1
DA:9,1
DA:10,1
DA:11,1
DA:12,1
DA:13,1
DA:14,1
LF:14
LH:14
BRF:0
BRH:0
end_of_record
TN:
SF:src\database.ts
FNF:0
FNH:0
DA:1,1
DA:2,1
DA:3,1
DA:4,1
LF:4
LH:4
BRF:0
BRH:0
end_of_record
TN:
SF:src\controllers\recommendationController.ts
FN:6,insert
FN:17,upvote
FN:25,downvote
FN:33,random
FN:39,get
FN:44,getTop
FN:51,getById
FNF:7
FNH:7
FNDA:5,insert
FNDA:2,upvote
FNDA:2,downvote
FNDA:1,random
FNDA:3,get
FNDA:1,getTop
FNDA:2,getById
DA:1,1
DA:2,1
DA:3,1
DA:4,1
DA:5,1
DA:6,5
DA:7,5
DA:8,5
DA:9,4
DA:10,4
DA:11,1
DA:12,1
DA:13,1
DA:14,1
DA:15,1
DA:16,1
DA:17,2
DA:18,2
DA:19,2
DA:20,2
DA:21,1
DA:22,1
DA:23,1
DA:24,1
DA:25,2
DA:26,2
DA:27,2
DA:28,2
DA:29,1
DA:30,1
DA:31,1
DA:32,1
DA:33,1
DA:34,1
DA:35,1
DA:36,1
DA:37,1
DA:38,1
DA:39,3
DA:40,3
DA:41,3
DA:42,3
DA:43,1
DA:44,1
DA:45,1
DA:46,1
DA:47,1
DA:48,1
DA:49,1
DA:50,1
DA:51,2
DA:52,2
DA:53,2
DA:54,2
DA:55,1
DA:56,1
DA:57,1
DA:58,1
DA:59,1
DA:60,1
DA:61,1
DA:62,1
DA:63,1
DA:64,1
DA:65,1
DA:66,1
LF:66
LH:66
BRDA:6,0,0,5
BRDA:8,1,0,4
BRDA:11,2,0,1
BRDA:17,3,0,2
BRDA:21,4,0,1
BRDA:25,5,0,2
BRDA:29,6,0,1
BRDA:33,7,0,1
BRDA:39,8,0,3
BRDA:44,9,0,1
BRDA:51,10,0,2
BRDA:55,11,0,1
BRF:12
BRH:12
end_of_record
TN:
SF:src\middlewares\errorHandlerMiddleware.ts
FN:8,errorHandlerMiddleware
FNF:1
FNH:1
FNDA:7,errorHandlerMiddleware
DA:1,1
DA:2,1
DA:3,1
DA:4,1
DA:5,1
DA:6,1
DA:7,1
DA:8,1
DA:9,7
DA:10,7
DA:11,7
DA:12,7
DA:13,7
DA:14,7
DA:15,7
DA:16,7
DA:17,7
DA:18,7
DA:19,0
DA:20,0
DA:21,0
LF:21
LH:18
BRDA:8,0,0,7
BRDA:19,1,0,0
BRF:2
BRH:1
end_of_record
TN:
SF:src\repositories\recommendationRepository.ts
FN:5,create
FN:16,findAll
FN:26,getAmountByScore
FN:33,getFindAllFilter
FN:45,find
FN:51,findByName
FN:57,updateScore
FN:66,remove
FNF:8
FNH:7
FNDA:1,create
FNDA:5,findAll
FNDA:1,getAmountByScore
FNDA:5,getFindAllFilter
FNDA:6,find
FNDA:1,findByName
FNDA:2,updateScore
FNDA:0,remove
DA:1,1
DA:2,1
DA:3,1
DA:4,1
DA:5,1
DA:6,1
DA:7,1
DA:8,1
DA:9,1
DA:10,1
DA:11,1
DA:12,1
DA:13,1
DA:14,1
DA:15,1
DA:16,5
DA:17,5
DA:18,5
DA:19,5
DA:20,5
DA:21,5
DA:22,5
DA:23,5
DA:24,5
DA:25,1
DA:26,1
DA:27,1
DA:28,1
DA:29,1
DA:30,1
DA:31,1
DA:32,1
DA:33,5
DA:34,5
DA:35,5
DA:36,5
DA:37,1
DA:38,1
DA:39,1
DA:40,1
DA:41,1
DA:42,1
DA:43,1
DA:44,1
DA:45,6
DA:46,6
DA:47,6
DA:48,6
DA:49,6
DA:50,1
DA:51,1
DA:52,1
DA:53,1
DA:54,1
DA:55,1
DA:56,1
DA:57,2
DA:58,2
DA:59,2
DA:60,2
DA:61,2
DA:62,2
DA:63,2
DA:64,2
DA:65,1
DA:66,0
DA:67,0
DA:68,0
DA:69,0
DA:70,0
DA:71,1
DA:72,1
DA:73,1
DA:74,1
DA:75,1
DA:76,1
DA:77,1
DA:78,1
DA:79,1
DA:80,1
LF:80
LH:75
BRDA:5,0,0,1
BRDA:16,1,0,5
BRDA:26,2,0,1
BRDA:33,3,0,5
BRDA:36,4,0,4
BRDA:37,5,0,1
BRDA:45,6,0,6
BRDA:51,7,0,1
BRDA:57,8,0,2
BRF:9
BRH:9
end_of_record
TN:
SF:src\routers\recommendationRouter.ts
FNF:0
FNH:0
DA:1,1
DA:2,1
DA:3,1
DA:4,1
DA:5,1
DA:6,1
DA:7,1
DA:8,1
DA:9,1
DA:10,1
DA:11,1
DA:12,1
DA:13,1
DA:14,1
LF:14
LH:14
BRF:0
BRH:0
end_of_record
TN:
SF:src\schemas\recommendationsSchemas.ts
FNF:0
FNH:0
DA:1,1
DA:2,1
DA:3,1
DA:4,1
DA:5,1
DA:6,1
DA:7,1
DA:8,1
DA:9,1
LF:9
LH:9
BRF:0
BRH:0
end_of_record
TN:
SF:src\services\recommendationsService.ts
FN:7,insert
FN:17,upvote
FN:23,downvote
FN:36,getByIdOrFail
FN:43,get
FN:47,getTop
FN:51,getRandom
FN:64,getByScore
FN:77,getScoreFilter
FNF:9
FNH:9
FNDA:3,insert
FNDA:4,upvote
FNDA:7,downvote
FNDA:15,getByIdOrFail
FNDA:4,get
FNDA:2,getTop
FNDA:3,getRandom
FNDA:3,getByScore
FNDA:3,getScoreFilter
DA:1,1
DA:2,1
DA:3,1
DA:4,1
DA:5,1
DA:6,1
DA:7,3
DA:8,3
DA:9,3
DA:10,3
DA:11,3
DA:12,3
DA:13,2
DA:14,2
DA:15,2
DA:16,1
DA:17,4
DA:18,4
DA:19,2
DA:20,2
DA:21,2
DA:22,1
DA:23,7
DA:24,7
DA:25,5
DA:26,5
DA:27,5
DA:28,5
DA:29,5
DA:30,5
DA:31,7
DA:32,1
DA:33,1
DA:34,7
DA:35,1
DA:36,15
DA:37,15
DA:38,15
DA:39,9
DA:40,9
DA:41,9
DA:42,1
DA:43,4
DA:44,4
DA:45,4
DA:46,1
DA:47,2
DA:48,2
DA:49,2
DA:50,1
DA:51,3
DA:52,3
DA:53,3
DA:54,3
DA:55,3
DA:56,3
DA:57,1
DA:58,1
DA:59,2
DA:60,2
DA:61,2
DA:62,2
DA:63,1
DA:64,3
DA:65,3
DA:66,3
DA:67,3
DA:68,3
DA:69,3
DA:70,3
DA:71,1
DA:72,1
DA:73,2
DA:74,2
DA:75,2
DA:76,1
DA:77,3
DA:78,3
DA:79,2
DA:80,2
DA:81,1
DA:82,1
DA:83,1
DA:84,1
DA:85,1
DA:86,1
DA:87,1
DA:88,1
DA:89,1
DA:90,1
DA:91,1
DA:92,1
DA:93,1
DA:94,1
DA:95,1
LF:95
LH:95
BRDA:7,0,0,3
BRDA:12,1,0,2
BRDA:12,2,0,1
BRDA:17,3,0,4
BRDA:19,4,0,2
BRDA:23,5,0,7
BRDA:25,6,0,5
BRDA:31,7,0,1
BRDA:36,8,0,15
BRDA:38,9,0,12
BRDA:38,10,0,6
BRDA:39,11,0,9
BRDA:43,12,0,4
BRDA:47,13,0,2
BRDA:51,14,0,3
BRDA:56,15,0,2
BRDA:56,16,0,1
BRDA:64,17,0,3
BRDA:70,18,0,2
BRDA:70,19,0,1
BRDA:77,20,0,3
BRDA:78,21,0,2
BRDA:81,22,0,1
BRF:23
BRH:23
end_of_record
TN:
SF:src\utils\errorUtils.ts
FN:7,isAppError
FN:11,errorTypeToStatusCode
FN:19,conflictError
FN:23,notFoundError
FN:27,unauthorizedError
FN:31,wrongSchemaError
FNF:6
FNH:5
FNDA:7,isAppError
FNDA:7,errorTypeToStatusCode
FNDA:1,conflictError
FNDA:7,notFoundError
FNDA:0,unauthorizedError
FNDA:4,wrongSchemaError
DA:1,1
DA:2,1
DA:3,1
DA:4,1
DA:5,1
DA:6,1
DA:7,1
DA:8,7
DA:9,7
DA:10,1
DA:11,1
DA:12,7
DA:13,7
DA:14,7
DA:15,4
DA:16,0
DA:17,0
DA:18,1
DA:19,1
DA:20,1
DA:21,1
DA:22,1
DA:23,1
DA:24,7
DA:25,7
DA:26,1
DA:27,1
DA:28,0
DA:29,0
DA:30,1
DA:31,1
DA:32,4
DA:33,4
LF:33
LH:29
BRDA:7,0,0,7
BRDA:11,1,0,7
BRDA:12,2,0,0
BRDA:13,3,0,3
BRDA:14,4,0,4
BRDA:14,5,0,0
BRDA:15,6,0,4
BRDA:16,7,0,0
BRDA:19,8,0,1
BRDA:20,9,0,0
BRDA:23,10,0,7
BRDA:24,11,0,0
BRDA:31,12,0,4
BRDA:32,13,0,0
BRF:14
BRH:8
end_of_record
TN:
SF:tests\factories\recommendationBody.ts
FN:1,recommendationsBody
FNF:1
FNH:1
FNDA:13,recommendationsBody
DA:1,1
DA:2,13
DA:3,13
DA:4,13
DA:5,13
DA:6,13
DA:7,13
DA:8,13
DA:9,13
DA:10,13
DA:11,13
DA:12,13
DA:13,13
DA:14,13
DA:15,13
DA:16,13
DA:17,13
DA:18,13
DA:19,13
DA:20,13
DA:21,13
DA:22,13
DA:23,13
DA:24,13
DA:25,13
DA:26,13
DA:27,13
DA:28,13
DA:29,13
LF:29
LH:29
BRDA:1,0,0,13
BRF:1
BRH:1
end_of_record
TN:
SF:tests\factories\recommendations.ts
FN:1,recommendations
FNF:1
FNH:1
FNDA:11,recommendations
DA:1,1
DA:2,11
DA:3,11
DA:4,11
DA:5,11
DA:6,11
DA:7,11
DA:8,11
DA:9,11
DA:10,11
DA:11,11
DA:12,11
DA:13,11
DA:14,11
DA:15,11
DA:16,11
DA:17,11
DA:18,11
DA:19,11
DA:20,11
DA:21,11
DA:22,11
DA:23,11
DA:24,11
DA:25,11
DA:26,11
DA:27,11
DA:28,11
LF:28
LH:28
BRDA:1,0,0,11
BRF:1
BRH:1
end_of_record
TN:
SF:tests\utils\mockMathRandom.ts
FN:1,mockMathRandom
FN:3,mockMathRandom.random
FNF:2
FNH:2
FNDA:2,mockMathRandom
FNDA:3,mockMathRandom.random
DA:1,1
DA:2,2
DA:3,2
DA:4,2
DA:5,2
DA:6,2
DA:7,2
LF:7
LH:7
BRDA:1,0,0,2
BRDA:3,1,0,3
BRF:2
BRH:2
end_of_record
